Using pre-set license
Built from '2020.3/staging' branch; Version is '2020.3.10f1 (297d780c91bc) revision 2719096'; Using compiler version '192528614'; Build Type 'Release'
OS: 'Windows 10 Pro; OS build 19042.1052; Version 2009; 64bit' Language: 'en' Physical Memory: 16314 MB
BatchMode: 1, IsHumanControllingUs: 0, StartBugReporterOnCrash: 0, Is64bit: 1, IsPro: 0

 COMMAND LINE ARGUMENTS:
C:\Program Files\Unity\Hub\Editor\2020.3.10f1\Editor\Unity.exe
-adb2
-batchMode
-noUpm
-name
AssetImportWorker0
-projectPath
E:/1.Workspace/1.Programming Projects/VR_AR/Virtual_assistent/unity/lookatme
-logFile
Logs/AssetImportWorker0.log
-srvPort
56457
Successfully changed project path to: E:/1.Workspace/1.Programming Projects/VR_AR/Virtual_assistent/unity/lookatme
E:/1.Workspace/1.Programming Projects/VR_AR/Virtual_assistent/unity/lookatme
Using Asset Import Pipeline V2.
Refreshing native plugins compatible for Editor in 356.44 ms, found 2 plugins.
Preloading 0 native plugins for Editor in 0.00 ms.
Initialize engine version: 2020.3.10f1 (297d780c91bc)
[Subsystems] Discovering subsystems at path C:/Program Files/Unity/Hub/Editor/2020.3.10f1/Editor/Data/Resources/UnitySubsystems
[Subsystems] Discovering subsystems at path E:/1.Workspace/1.Programming Projects/VR_AR/Virtual_assistent/unity/lookatme/Assets
GfxDevice: creating device client; threaded=0
Direct3D:
    Version:  Direct3D 11.0 [level 11.1]
    Renderer: NVIDIA GeForce GTX 1050 Ti (ID=0x1c82)
    Vendor:   
    VRAM:     4018 MB
    Driver:   27.21.14.5182
Initialize mono
Mono path[0] = 'C:/Program Files/Unity/Hub/Editor/2020.3.10f1/Editor/Data/Managed'
Mono path[1] = 'C:/Program Files/Unity/Hub/Editor/2020.3.10f1/Editor/Data/MonoBleedingEdge/lib/mono/unityjit'
Mono config path = 'C:/Program Files/Unity/Hub/Editor/2020.3.10f1/Editor/Data/MonoBleedingEdge/etc'
Using monoOptions --debugger-agent=transport=dt_socket,embedding=1,server=y,suspend=n,address=127.0.0.1:56284
Begin MonoManager ReloadAssembly
Registering precompiled unity dll's ...
Register platform support module: C:/Program Files/Unity/Hub/Editor/2020.3.10f1/Editor/Data/PlaybackEngines/WebGLSupport/UnityEditor.WebGL.Extensions.dll
Register platform support module: C:/Program Files/Unity/Hub/Editor/2020.3.10f1/Editor/Data/PlaybackEngines/WindowsStandaloneSupport/UnityEditor.WindowsStandalone.Extensions.dll
Registered in 0.005359 seconds.
Native extension for WindowsStandalone target not found
Native extension for WebGL target not found
Refreshing native plugins compatible for Editor in 312.80 ms, found 2 plugins.
Preloading 0 native plugins for Editor in 0.00 ms.
Mono: successfully reloaded assembly
- Completed reload, in  2.976 seconds
Platform modules already initialized, skipping
Registering precompiled user dll's ...
Registered in 0.023951 seconds.
Begin MonoManager ReloadAssembly
Native extension for WindowsStandalone target not found
Native extension for WebGL target not found
Refreshing native plugins compatible for Editor in 177.08 ms, found 2 plugins.
Preloading 0 native plugins for Editor in 0.00 ms.
Mono: successfully reloaded assembly
- Completed reload, in  6.241 seconds
Platform modules already initialized, skipping
========================================================================
Worker process is ready to serve import requests
Launched and connected shader compiler UnityShaderCompiler.exe after 0.08 seconds
Refreshing native plugins compatible for Editor in 11.79 ms, found 2 plugins.
Preloading 0 native plugins for Editor in 0.00 ms.
Unloading 4448 Unused Serialized files (Serialized files now loaded: 0)
System memory in use before: 211.9 MB.
System memory in use after: 208.9 MB.

Unloading 56 unused Assets to reduce memory usage. Loaded Objects now: 4869.
Total: 31.691000 ms (FindLiveObjects: 7.433600 ms CreateObjectMapping: 2.608100 ms MarkObjects: 14.764700 ms  DeleteObjects: 6.877600 ms)

========================================================================
Received Import Request.
  path: Assets/DungeonCharacters/Skeletons_demo/animation/DungeonSkeleton_demo 1.controller
  artifactKey: Guid(3e6fd4bdefaa5124e957a64d2b2823ee) Importer(815301076,1909f56bfc062723c751e8b465ee728b)
Start importing Assets/DungeonCharacters/Skeletons_demo/animation/DungeonSkeleton_demo 1.controller using Guid(3e6fd4bdefaa5124e957a64d2b2823ee) Importer(815301076,1909f56bfc062723c751e8b465ee728b)  -> (artifact id: 'eed871e7eac7586d2eaee46f655327af') in 0.150207 seconds
  Import took 0.220006 seconds .

========================================================================
Received Prepare
Registering precompiled user dll's ...
Registered in 0.006176 seconds.
Begin MonoManager ReloadAssembly
Native extension for WindowsStandalone target not found
Native extension for WebGL target not found
Refreshing native plugins compatible for Editor in 4.24 ms, found 2 plugins.
Preloading 0 native plugins for Editor in 0.00 ms.
Mono: successfully reloaded assembly
- Completed reload, in  3.046 seconds
Platform modules already initialized, skipping
Refreshing native plugins compatible for Editor in 3.35 ms, found 2 plugins.
Preloading 0 native plugins for Editor in 0.00 ms.
Unloading 4197 Unused Serialized files (Serialized files now loaded: 0)
System memory in use before: 200.2 MB.
System memory in use after: 197.2 MB.

Unloading 49 unused Assets to reduce memory usage. Loaded Objects now: 4872.
Total: 16.054000 ms (FindLiveObjects: 1.642200 ms CreateObjectMapping: 1.019900 ms MarkObjects: 8.614700 ms  DeleteObjects: 4.773200 ms)

========================================================================
Received Prepare
Refreshing native plugins compatible for Editor in 6.94 ms, found 2 plugins.
Preloading 0 native plugins for Editor in 0.00 ms.
Unloading 46 Unused Serialized files (Serialized files now loaded: 0)
System memory in use before: 116.8 MB.
System memory in use after: 113.9 MB.

Unloading 46 unused Assets to reduce memory usage. Loaded Objects now: 4872.
Total: 16.796800 ms (FindLiveObjects: 1.644000 ms CreateObjectMapping: 1.076000 ms MarkObjects: 8.915000 ms  DeleteObjects: 5.159600 ms)

========================================================================
Received Import Request.
  Time since last request: 772.723911 seconds.
  path: Assets/DungeonCharacters/Skeletons_demo/animation/DungeonSkeleton_demo 1.controller
  artifactKey: Guid(3e6fd4bdefaa5124e957a64d2b2823ee) Importer(815301076,1909f56bfc062723c751e8b465ee728b)
Start importing Assets/DungeonCharacters/Skeletons_demo/animation/DungeonSkeleton_demo 1.controller using Guid(3e6fd4bdefaa5124e957a64d2b2823ee) Importer(815301076,1909f56bfc062723c751e8b465ee728b)  -> (artifact id: '9b38150bbd72535f992d7ba69abf8811') in 0.048332 seconds
  Import took 0.066610 seconds .

========================================================================
Received Prepare
Registering precompiled user dll's ...
Registered in 0.008132 seconds.
Begin MonoManager ReloadAssembly
Native extension for WindowsStandalone target not found
Native extension for WebGL target not found
Refreshing native plugins compatible for Editor in 2.07 ms, found 2 plugins.
Preloading 0 native plugins for Editor in 0.00 ms.
Mono: successfully reloaded assembly
- Completed reload, in  3.027 seconds
Platform modules already initialized, skipping
Refreshing native plugins compatible for Editor in 2.05 ms, found 2 plugins.
Preloading 0 native plugins for Editor in 0.00 ms.
Unloading 4197 Unused Serialized files (Serialized files now loaded: 0)
System memory in use before: 200.2 MB.
System memory in use after: 197.3 MB.

Unloading 49 unused Assets to reduce memory usage. Loaded Objects now: 4875.
Total: 11.641900 ms (FindLiveObjects: 1.451600 ms CreateObjectMapping: 1.342000 ms MarkObjects: 5.647100 ms  DeleteObjects: 3.197800 ms)

