Using pre-set license
Built from '2020.3/staging' branch; Version is '2020.3.10f1 (297d780c91bc) revision 2719096'; Using compiler version '192528614'; Build Type 'Release'
OS: 'Windows 10 Pro; OS build 19042.1052; Version 2009; 64bit' Language: 'en' Physical Memory: 16314 MB
BatchMode: 1, IsHumanControllingUs: 0, StartBugReporterOnCrash: 0, Is64bit: 1, IsPro: 0

 COMMAND LINE ARGUMENTS:
C:\Program Files\Unity\Hub\Editor\2020.3.10f1\Editor\Unity.exe
-adb2
-batchMode
-noUpm
-name
AssetImportWorker0
-projectPath
E:/Workspace/1.Programming Projects/VR_AR/Virtual_assistent/unity/lookatme
-logFile
Logs/AssetImportWorker0.log
-srvPort
60260
Successfully changed project path to: E:/Workspace/1.Programming Projects/VR_AR/Virtual_assistent/unity/lookatme
E:/Workspace/1.Programming Projects/VR_AR/Virtual_assistent/unity/lookatme
Using Asset Import Pipeline V2.
Refreshing native plugins compatible for Editor in 72.78 ms, found 2 plugins.
Preloading 0 native plugins for Editor in 0.00 ms.
Initialize engine version: 2020.3.10f1 (297d780c91bc)
[Subsystems] Discovering subsystems at path C:/Program Files/Unity/Hub/Editor/2020.3.10f1/Editor/Data/Resources/UnitySubsystems
[Subsystems] Discovering subsystems at path E:/Workspace/1.Programming Projects/VR_AR/Virtual_assistent/unity/lookatme/Assets
GfxDevice: creating device client; threaded=0
Direct3D:
    Version:  Direct3D 11.0 [level 11.1]
    Renderer: NVIDIA GeForce GTX 1050 Ti (ID=0x1c82)
    Vendor:   
    VRAM:     4018 MB
    Driver:   27.21.14.5182
Initialize mono
Mono path[0] = 'C:/Program Files/Unity/Hub/Editor/2020.3.10f1/Editor/Data/Managed'
Mono path[1] = 'C:/Program Files/Unity/Hub/Editor/2020.3.10f1/Editor/Data/MonoBleedingEdge/lib/mono/unityjit'
Mono config path = 'C:/Program Files/Unity/Hub/Editor/2020.3.10f1/Editor/Data/MonoBleedingEdge/etc'
Using monoOptions --debugger-agent=transport=dt_socket,embedding=1,server=y,suspend=n,address=127.0.0.1:56020
Begin MonoManager ReloadAssembly
Registering precompiled unity dll's ...
Register platform support module: C:/Program Files/Unity/Hub/Editor/2020.3.10f1/Editor/Data/PlaybackEngines/WebGLSupport/UnityEditor.WebGL.Extensions.dll
Register platform support module: C:/Program Files/Unity/Hub/Editor/2020.3.10f1/Editor/Data/PlaybackEngines/WindowsStandaloneSupport/UnityEditor.WindowsStandalone.Extensions.dll
Registered in 0.001824 seconds.
Native extension for WindowsStandalone target not found
Native extension for WebGL target not found
Refreshing native plugins compatible for Editor in 73.43 ms, found 2 plugins.
Preloading 0 native plugins for Editor in 0.00 ms.
Mono: successfully reloaded assembly
- Completed reload, in  0.921 seconds
Platform modules already initialized, skipping
Registering precompiled user dll's ...
Registered in 0.003334 seconds.
Begin MonoManager ReloadAssembly
Native extension for WindowsStandalone target not found
Native extension for WebGL target not found
Refreshing native plugins compatible for Editor in 76.20 ms, found 2 plugins.
Preloading 0 native plugins for Editor in 0.00 ms.
Mono: successfully reloaded assembly
- Completed reload, in  1.830 seconds
Platform modules already initialized, skipping
========================================================================
Worker process is ready to serve import requests
Launched and connected shader compiler UnityShaderCompiler.exe after 0.03 seconds
Refreshing native plugins compatible for Editor in 0.77 ms, found 2 plugins.
Preloading 0 native plugins for Editor in 0.00 ms.
Unloading 4448 Unused Serialized files (Serialized files now loaded: 0)
System memory in use before: 211.5 MB.
System memory in use after: 208.5 MB.

Unloading 56 unused Assets to reduce memory usage. Loaded Objects now: 4869.
Total: 4.620500 ms (FindLiveObjects: 0.515100 ms CreateObjectMapping: 0.228000 ms MarkObjects: 2.166000 ms  DeleteObjects: 1.710500 ms)

========================================================================
Received Import Request.
  path: Assets/DungeonCharacters/Skeletons_demo/DungeonSkeletons_pack.jpg
  artifactKey: Guid(638407f285212d546845248f67bd99f6) Importer(815301076,1909f56bfc062723c751e8b465ee728b)
Start importing Assets/DungeonCharacters/Skeletons_demo/DungeonSkeletons_pack.jpg using Guid(638407f285212d546845248f67bd99f6) Importer(815301076,1909f56bfc062723c751e8b465ee728b)  -> (artifact id: 'c48c1bdb28fe8e37714cca3c453c078a') in 0.107456 seconds
  Import took 0.113448 seconds .

AssetImportWorkerClient::OnTransportError - code=2 error=End of file
